<?xml version="1.0" encoding="UTF-8"?>
<testng-results ignored="0" total="1" passed="1" failed="0" skipped="0">
  <reporter-output>
  </reporter-output>
  <suite started-at="2020-05-19T14:34:33 EDT" name="Default suite" finished-at="2020-05-19T14:34:37 EDT" duration-ms="4518">
    <groups>
    </groups>
    <test started-at="2020-05-19T14:34:33 EDT" name="Default test" finished-at="2020-05-19T14:34:37 EDT" duration-ms="4518">
      <class name="com.homePAGE.Javac_training">
        <test-method signature="start()[pri:0, instance:com.homePAGE.Javac_training@10b9db7b]" started-at="2020-05-19T14:34:33 EDT" name="start" finished-at="2020-05-19T14:34:37 EDT" duration-ms="4471" status="PASS">
          <reporter-output>
          </reporter-output>
        </test-method> <!-- start -->
      </class> <!-- com.homePAGE.Javac_training -->
    </test> <!-- Default test -->
  </suite> <!-- Default suite -->
</testng-results>
