<?xml version="1.0" encoding="UTF-8"?>
<!-- Generated by org.testng.reporters.JUnitXMLReporter -->
<testsuite hostname="DESKTOP-6JHQO45" ignored="0" name="Test" tests="8" failures="1" timestamp="2020-04-11T15:05:35 EDT" time="0.09" errors="0">
  <testcase name="firstTest" time="0.01" classname="com.retry.Test1"/>
  <testcase name="secondTest" time="0.002" classname="com.retry.Test1">
    <skipped/>
  </testcase> <!-- secondTest -->
  <testcase name="secondTest" time="0.002" classname="com.retry.Test1">
    <skipped/>
  </testcase> <!-- secondTest -->
  <testcase name="secondTest" time="0.001" classname="com.retry.Test1">
    <skipped/>
  </testcase> <!-- secondTest -->
  <testcase name="secondTest" time="0.001" classname="com.retry.Test1">
    <skipped/>
  </testcase> <!-- secondTest -->
  <testcase name="secondTest" time="0.002" classname="com.retry.Test1">
    <skipped/>
  </testcase> <!-- secondTest -->
  <testcase name="secondTest" time="0.002" classname="com.retry.Test1">
    <failure type="java.lang.ArithmeticException" message="/ by zero">
      <![CDATA[java.lang.ArithmeticException: / by zero
at com.retry.Test1.secondTest(Test1.java:18)
at java.util.ArrayList.forEach(ArrayList.java:1257)
... Removed 27 stack frames]]>
    </failure>
  </testcase> <!-- secondTest -->
  <testcase name="test" time="0.002" classname="com.retry.Test1"/>
</testsuite> <!-- Test -->
